2022-08-19 23:39:29.885781+00:00 [notice] <0.222.0> Logging: configured log handlers are now ACTIVE
2022-08-19 23:39:30.250720+00:00 [info] <0.222.0> ra: starting system quorum_queues
2022-08-19 23:39:30.250812+00:00 [info] <0.222.0> starting Ra system: quorum_queues in directory: /var/lib/rabbitmq/mnesia/rabbit@0fa3fcf87a73/quorum/rabbit@0fa3fcf87a73
2022-08-19 23:39:30.368332+00:00 [info] <0.259.0> ra system 'quorum_queues' running pre init for 0 registered servers
2022-08-19 23:39:30.385286+00:00 [info] <0.260.0> ra: meta data store initialised for system quorum_queues. 0 record(s) recovered
2022-08-19 23:39:30.404097+00:00 [notice] <0.265.0> WAL: ra_log_wal init, open tbls: ra_log_open_mem_tables, closed tbls: ra_log_closed_mem_tables
2022-08-19 23:39:30.425675+00:00 [info] <0.222.0> ra: starting system coordination
2022-08-19 23:39:30.425732+00:00 [info] <0.222.0> starting Ra system: coordination in directory: /var/lib/rabbitmq/mnesia/rabbit@0fa3fcf87a73/coordination/rabbit@0fa3fcf87a73
2022-08-19 23:39:30.440000+00:00 [info] <0.272.0> ra system 'coordination' running pre init for 0 registered servers
2022-08-19 23:39:30.445038+00:00 [info] <0.273.0> ra: meta data store initialised for system coordination. 0 record(s) recovered
2022-08-19 23:39:30.445341+00:00 [notice] <0.278.0> WAL: ra_coordination_log_wal init, open tbls: ra_coordination_log_open_mem_tables, closed tbls: ra_coordination_log_closed_mem_tables
2022-08-19 23:39:30.458165+00:00 [info] <0.222.0> 
2022-08-19 23:39:30.458165+00:00 [info] <0.222.0>  Starting RabbitMQ 3.10.7 on Erlang 25.0.4 [jit]
2022-08-19 23:39:30.458165+00:00 [info] <0.222.0>  Copyright (c) 2007-2022 VMware, Inc. or its affiliates.
2022-08-19 23:39:30.458165+00:00 [info] <0.222.0>  Licensed under the MPL 2.0. Website: https://rabbitmq.com
2022-08-19 23:39:30.460638+00:00 [info] <0.222.0> 
2022-08-19 23:39:30.460638+00:00 [info] <0.222.0>  node           : rabbit@0fa3fcf87a73
2022-08-19 23:39:30.460638+00:00 [info] <0.222.0>  home dir       : /var/lib/rabbitmq
2022-08-19 23:39:30.460638+00:00 [info] <0.222.0>  config file(s) : (none)
2022-08-19 23:39:30.460638+00:00 [info] <0.222.0>  cookie hash    : p2rNiFEPDXrXYauT9oJXGg==
2022-08-19 23:39:30.460638+00:00 [info] <0.222.0>  log(s)         : /var/log/rabbitmq/rabbit@0fa3fcf87a73.log
2022-08-19 23:39:30.460638+00:00 [info] <0.222.0>                 : /var/log/rabbitmq/rabbit@0fa3fcf87a73_upgrade.log
2022-08-19 23:39:30.460638+00:00 [info] <0.222.0>                 : <stdout>
2022-08-19 23:39:30.460638+00:00 [info] <0.222.0>  database dir   : /var/lib/rabbitmq/mnesia/rabbit@0fa3fcf87a73
2022-08-19 23:39:35.828530+00:00 [info] <0.222.0> Running boot step pre_boot defined by app rabbit
2022-08-19 23:39:35.828704+00:00 [info] <0.222.0> Running boot step rabbit_global_counters defined by app rabbit
2022-08-19 23:39:35.829497+00:00 [info] <0.222.0> Running boot step rabbit_osiris_metrics defined by app rabbit
2022-08-19 23:39:35.829620+00:00 [info] <0.222.0> Running boot step rabbit_core_metrics defined by app rabbit
2022-08-19 23:39:35.830264+00:00 [info] <0.222.0> Running boot step rabbit_alarm defined by app rabbit
2022-08-19 23:39:35.836057+00:00 [info] <0.288.0> Memory high watermark set to 3136 MiB (3288540774 bytes) of 7840 MiB (8221351936 bytes) total
2022-08-19 23:39:35.841981+00:00 [info] <0.290.0> Enabling free disk space monitoring
2022-08-19 23:39:35.842090+00:00 [info] <0.290.0> Disk free limit set to 50MB
2022-08-19 23:39:35.845791+00:00 [info] <0.222.0> Running boot step code_server_cache defined by app rabbit
2022-08-19 23:39:35.845998+00:00 [info] <0.222.0> Running boot step file_handle_cache defined by app rabbit
2022-08-19 23:39:35.846285+00:00 [info] <0.295.0> Limiting to approx 1048479 file handles (943629 sockets)
2022-08-19 23:39:35.846437+00:00 [info] <0.296.0> FHC read buffering: OFF
2022-08-19 23:39:35.846479+00:00 [info] <0.296.0> FHC write buffering: ON
2022-08-19 23:39:35.847034+00:00 [info] <0.222.0> Running boot step worker_pool defined by app rabbit
2022-08-19 23:39:35.847112+00:00 [info] <0.280.0> Will use 8 processes for default worker pool
2022-08-19 23:39:35.847151+00:00 [info] <0.280.0> Starting worker pool 'worker_pool' with 8 processes in it
2022-08-19 23:39:35.847794+00:00 [info] <0.222.0> Running boot step database defined by app rabbit
2022-08-19 23:39:35.849841+00:00 [info] <0.222.0> Node database directory at /var/lib/rabbitmq/mnesia/rabbit@0fa3fcf87a73 is empty. Assuming we need to join an existing cluster or initialise from scratch...
2022-08-19 23:39:35.849960+00:00 [info] <0.222.0> Configured peer discovery backend: rabbit_peer_discovery_classic_config
2022-08-19 23:39:35.850016+00:00 [info] <0.222.0> Will try to lock with peer discovery backend rabbit_peer_discovery_classic_config
2022-08-19 23:39:35.850192+00:00 [info] <0.222.0> All discovered existing cluster peers:
2022-08-19 23:39:35.850221+00:00 [info] <0.222.0> Discovered no peer nodes to cluster with. Some discovery backends can filter nodes out based on a readiness criteria. Enabling debug logging might help troubleshoot.
2022-08-19 23:39:35.856365+00:00 [notice] <0.44.0> Application mnesia exited with reason: stopped
2022-08-19 23:39:36.291021+00:00 [info] <0.222.0> Waiting for Mnesia tables for 30000 ms, 9 retries left
2022-08-19 23:39:36.291225+00:00 [info] <0.222.0> Successfully synced tables from a peer
2022-08-19 23:39:36.306964+00:00 [info] <0.222.0> Waiting for Mnesia tables for 30000 ms, 9 retries left
2022-08-19 23:39:36.307159+00:00 [info] <0.222.0> Successfully synced tables from a peer
2022-08-19 23:39:36.307254+00:00 [info] <0.222.0> Feature flag `classic_mirrored_queue_version`: supported, attempt to enable...
2022-08-19 23:39:36.307343+00:00 [info] <0.222.0> Feature flag `classic_mirrored_queue_version`: mark as enabled=state_changing
2022-08-19 23:39:36.308169+00:00 [info] <0.222.0> Feature flags: list of feature flags found:
2022-08-19 23:39:36.308274+00:00 [info] <0.222.0> Feature flags:   [~] classic_mirrored_queue_version
2022-08-19 23:39:36.308305+00:00 [info] <0.222.0> Feature flags:   [ ] implicit_default_bindings
2022-08-19 23:39:36.308323+00:00 [info] <0.222.0> Feature flags:   [ ] maintenance_mode_status
2022-08-19 23:39:36.308350+00:00 [info] <0.222.0> Feature flags:   [ ] quorum_queue
2022-08-19 23:39:36.308369+00:00 [info] <0.222.0> Feature flags:   [ ] stream_queue
2022-08-19 23:39:36.308412+00:00 [info] <0.222.0> Feature flags:   [ ] user_limits
2022-08-19 23:39:36.308438+00:00 [info] <0.222.0> Feature flags:   [ ] virtual_host_metadata
2022-08-19 23:39:36.308455+00:00 [info] <0.222.0> Feature flags: feature flag states written to disk: yes
2022-08-19 23:39:36.320741+00:00 [info] <0.222.0> Feature flag `classic_mirrored_queue_version`: mark as enabled=true
2022-08-19 23:39:36.326336+00:00 [info] <0.222.0> Feature flags: list of feature flags found:
2022-08-19 23:39:36.326410+00:00 [info] <0.222.0> Feature flags:   [x] classic_mirrored_queue_version
2022-08-19 23:39:36.326501+00:00 [info] <0.222.0> Feature flags:   [ ] implicit_default_bindings
2022-08-19 23:39:36.326536+00:00 [info] <0.222.0> Feature flags:   [ ] maintenance_mode_status
2022-08-19 23:39:36.326563+00:00 [info] <0.222.0> Feature flags:   [ ] quorum_queue
2022-08-19 23:39:36.326610+00:00 [info] <0.222.0> Feature flags:   [ ] stream_queue
2022-08-19 23:39:36.326730+00:00 [info] <0.222.0> Feature flags:   [ ] user_limits
2022-08-19 23:39:36.326783+00:00 [info] <0.222.0> Feature flags:   [ ] virtual_host_metadata
2022-08-19 23:39:36.326819+00:00 [info] <0.222.0> Feature flags: feature flag states written to disk: yes
2022-08-19 23:39:36.338113+00:00 [info] <0.222.0> Feature flag `implicit_default_bindings`: supported, attempt to enable...
2022-08-19 23:39:36.338306+00:00 [info] <0.222.0> Feature flag `implicit_default_bindings`: mark as enabled=state_changing
2022-08-19 23:39:36.339513+00:00 [info] <0.222.0> Feature flags: list of feature flags found:
2022-08-19 23:39:36.339622+00:00 [info] <0.222.0> Feature flags:   [x] classic_mirrored_queue_version
2022-08-19 23:39:36.339657+00:00 [info] <0.222.0> Feature flags:   [~] implicit_default_bindings
2022-08-19 23:39:36.339681+00:00 [info] <0.222.0> Feature flags:   [ ] maintenance_mode_status
2022-08-19 23:39:36.339756+00:00 [info] <0.222.0> Feature flags:   [ ] quorum_queue
2022-08-19 23:39:36.339839+00:00 [info] <0.222.0> Feature flags:   [ ] stream_queue
2022-08-19 23:39:36.339862+00:00 [info] <0.222.0> Feature flags:   [ ] user_limits
2022-08-19 23:39:36.339879+00:00 [info] <0.222.0> Feature flags:   [ ] virtual_host_metadata
2022-08-19 23:39:36.339983+00:00 [info] <0.222.0> Feature flags: feature flag states written to disk: yes
2022-08-19 23:39:36.348995+00:00 [info] <0.222.0> Waiting for Mnesia tables for 30000 ms, 0 retries left
2022-08-19 23:39:36.349232+00:00 [info] <0.222.0> Successfully synced tables from a peer
2022-08-19 23:39:36.349305+00:00 [info] <0.222.0> Feature flag `implicit_default_bindings`: mark as enabled=true
2022-08-19 23:39:36.363999+00:00 [info] <0.222.0> Feature flags: list of feature flags found:
2022-08-19 23:39:36.364096+00:00 [info] <0.222.0> Feature flags:   [x] classic_mirrored_queue_version
2022-08-19 23:39:36.364136+00:00 [info] <0.222.0> Feature flags:   [x] implicit_default_bindings
2022-08-19 23:39:36.364161+00:00 [info] <0.222.0> Feature flags:   [ ] maintenance_mode_status
2022-08-19 23:39:36.364208+00:00 [info] <0.222.0> Feature flags:   [ ] quorum_queue
2022-08-19 23:39:36.364291+00:00 [info] <0.222.0> Feature flags:   [ ] stream_queue
2022-08-19 23:39:36.364345+00:00 [info] <0.222.0> Feature flags:   [ ] user_limits
2022-08-19 23:39:36.364386+00:00 [info] <0.222.0> Feature flags:   [ ] virtual_host_metadata
2022-08-19 23:39:36.364412+00:00 [info] <0.222.0> Feature flags: feature flag states written to disk: yes
2022-08-19 23:39:36.374800+00:00 [info] <0.222.0> Feature flag `maintenance_mode_status`: supported, attempt to enable...
2022-08-19 23:39:36.374921+00:00 [info] <0.222.0> Feature flag `maintenance_mode_status`: mark as enabled=state_changing
2022-08-19 23:39:36.375698+00:00 [info] <0.222.0> Feature flags: list of feature flags found:
2022-08-19 23:39:36.375833+00:00 [info] <0.222.0> Feature flags:   [x] classic_mirrored_queue_version
2022-08-19 23:39:36.375878+00:00 [info] <0.222.0> Feature flags:   [x] implicit_default_bindings
2022-08-19 23:39:36.375896+00:00 [info] <0.222.0> Feature flags:   [~] maintenance_mode_status
2022-08-19 23:39:36.375912+00:00 [info] <0.222.0> Feature flags:   [ ] quorum_queue
2022-08-19 23:39:36.375971+00:00 [info] <0.222.0> Feature flags:   [ ] stream_queue
2022-08-19 23:39:36.376000+00:00 [info] <0.222.0> Feature flags:   [ ] user_limits
2022-08-19 23:39:36.376018+00:00 [info] <0.222.0> Feature flags:   [ ] virtual_host_metadata
2022-08-19 23:39:36.376054+00:00 [info] <0.222.0> Feature flags: feature flag states written to disk: yes
2022-08-19 23:39:36.388391+00:00 [info] <0.222.0> Creating table rabbit_node_maintenance_states for feature flag `maintenance_mode_status`
2022-08-19 23:39:36.403880+00:00 [info] <0.222.0> Feature flag `maintenance_mode_status`: mark as enabled=true
2022-08-19 23:39:36.415473+00:00 [info] <0.222.0> Feature flags: list of feature flags found:
2022-08-19 23:39:36.415533+00:00 [info] <0.222.0> Feature flags:   [x] classic_mirrored_queue_version
2022-08-19 23:39:36.415556+00:00 [info] <0.222.0> Feature flags:   [x] implicit_default_bindings
2022-08-19 23:39:36.415603+00:00 [info] <0.222.0> Feature flags:   [x] maintenance_mode_status
2022-08-19 23:39:36.415633+00:00 [info] <0.222.0> Feature flags:   [ ] quorum_queue
2022-08-19 23:39:36.415662+00:00 [info] <0.222.0> Feature flags:   [ ] stream_queue
2022-08-19 23:39:36.415801+00:00 [info] <0.222.0> Feature flags:   [ ] user_limits
2022-08-19 23:39:36.415825+00:00 [info] <0.222.0> Feature flags:   [ ] virtual_host_metadata
2022-08-19 23:39:36.415841+00:00 [info] <0.222.0> Feature flags: feature flag states written to disk: yes
2022-08-19 23:39:36.426048+00:00 [info] <0.222.0> Feature flag `quorum_queue`: supported, attempt to enable...
2022-08-19 23:39:36.426172+00:00 [info] <0.222.0> Feature flag `quorum_queue`: mark as enabled=state_changing
2022-08-19 23:39:36.427006+00:00 [info] <0.222.0> Feature flags: list of feature flags found:
2022-08-19 23:39:36.427129+00:00 [info] <0.222.0> Feature flags:   [x] classic_mirrored_queue_version
2022-08-19 23:39:36.427162+00:00 [info] <0.222.0> Feature flags:   [x] implicit_default_bindings
2022-08-19 23:39:36.427180+00:00 [info] <0.222.0> Feature flags:   [x] maintenance_mode_status
2022-08-19 23:39:36.427196+00:00 [info] <0.222.0> Feature flags:   [~] quorum_queue
2022-08-19 23:39:36.427264+00:00 [info] <0.222.0> Feature flags:   [ ] stream_queue
2022-08-19 23:39:36.427316+00:00 [info] <0.222.0> Feature flags:   [ ] user_limits
2022-08-19 23:39:36.427343+00:00 [info] <0.222.0> Feature flags:   [ ] virtual_host_metadata
2022-08-19 23:39:36.427441+00:00 [info] <0.222.0> Feature flags: feature flag states written to disk: yes
2022-08-19 23:39:36.439733+00:00 [info] <0.222.0> Waiting for Mnesia tables for 30000 ms, 9 retries left
2022-08-19 23:39:36.439855+00:00 [info] <0.222.0> Successfully synced tables from a peer
2022-08-19 23:39:36.439907+00:00 [info] <0.222.0> Feature flag `quorum_queue`:   migrating Mnesia table rabbit_queue...
2022-08-19 23:39:36.524729+00:00 [info] <0.222.0> Feature flag `quorum_queue`:   migrating Mnesia table rabbit_durable_queue...
2022-08-19 23:39:36.606291+00:00 [info] <0.222.0> Feature flag `quorum_queue`:   Mnesia tables migration done
2022-08-19 23:39:36.606392+00:00 [info] <0.222.0> Feature flag `quorum_queue`: mark as enabled=true
2022-08-19 23:39:36.615159+00:00 [info] <0.222.0> Feature flags: list of feature flags found:
2022-08-19 23:39:36.615258+00:00 [info] <0.222.0> Feature flags:   [x] classic_mirrored_queue_version
2022-08-19 23:39:36.615292+00:00 [info] <0.222.0> Feature flags:   [x] implicit_default_bindings
2022-08-19 23:39:36.615312+00:00 [info] <0.222.0> Feature flags:   [x] maintenance_mode_status
2022-08-19 23:39:36.615328+00:00 [info] <0.222.0> Feature flags:   [x] quorum_queue
2022-08-19 23:39:36.615342+00:00 [info] <0.222.0> Feature flags:   [ ] stream_queue
2022-08-19 23:39:36.615358+00:00 [info] <0.222.0> Feature flags:   [ ] user_limits
2022-08-19 23:39:36.615372+00:00 [info] <0.222.0> Feature flags:   [ ] virtual_host_metadata
2022-08-19 23:39:36.615387+00:00 [info] <0.222.0> Feature flags: feature flag states written to disk: yes
2022-08-19 23:39:36.626056+00:00 [info] <0.222.0> Feature flag `stream_queue`: supported, attempt to enable...
2022-08-19 23:39:36.626196+00:00 [info] <0.222.0> Feature flag `stream_queue`: mark as enabled=state_changing
2022-08-19 23:39:36.626918+00:00 [info] <0.222.0> Feature flags: list of feature flags found:
2022-08-19 23:39:36.626979+00:00 [info] <0.222.0> Feature flags:   [x] classic_mirrored_queue_version
2022-08-19 23:39:36.627052+00:00 [info] <0.222.0> Feature flags:   [x] implicit_default_bindings
2022-08-19 23:39:36.627075+00:00 [info] <0.222.0> Feature flags:   [x] maintenance_mode_status
2022-08-19 23:39:36.627090+00:00 [info] <0.222.0> Feature flags:   [x] quorum_queue
2022-08-19 23:39:36.627137+00:00 [info] <0.222.0> Feature flags:   [~] stream_queue
2022-08-19 23:39:36.627162+00:00 [info] <0.222.0> Feature flags:   [ ] user_limits
2022-08-19 23:39:36.627179+00:00 [info] <0.222.0> Feature flags:   [ ] virtual_host_metadata
2022-08-19 23:39:36.627194+00:00 [info] <0.222.0> Feature flags: feature flag states written to disk: yes
2022-08-19 23:39:36.639193+00:00 [info] <0.222.0> Feature flag `stream_queue`: mark as enabled=true
2022-08-19 23:39:36.648811+00:00 [info] <0.222.0> Feature flags: list of feature flags found:
2022-08-19 23:39:36.648930+00:00 [info] <0.222.0> Feature flags:   [x] classic_mirrored_queue_version
2022-08-19 23:39:36.648987+00:00 [info] <0.222.0> Feature flags:   [x] implicit_default_bindings
2022-08-19 23:39:36.649074+00:00 [info] <0.222.0> Feature flags:   [x] maintenance_mode_status
2022-08-19 23:39:36.649187+00:00 [info] <0.222.0> Feature flags:   [x] quorum_queue
2022-08-19 23:39:36.649284+00:00 [info] <0.222.0> Feature flags:   [x] stream_queue
2022-08-19 23:39:36.649358+00:00 [info] <0.222.0> Feature flags:   [ ] user_limits
2022-08-19 23:39:36.649399+00:00 [info] <0.222.0> Feature flags:   [ ] virtual_host_metadata
2022-08-19 23:39:36.649428+00:00 [info] <0.222.0> Feature flags: feature flag states written to disk: yes
2022-08-19 23:39:36.660721+00:00 [info] <0.222.0> Feature flag `user_limits`: supported, attempt to enable...
2022-08-19 23:39:36.660918+00:00 [info] <0.222.0> Feature flag `user_limits`: mark as enabled=state_changing
2022-08-19 23:39:36.661711+00:00 [info] <0.222.0> Feature flags: list of feature flags found:
2022-08-19 23:39:36.661820+00:00 [info] <0.222.0> Feature flags:   [x] classic_mirrored_queue_version
2022-08-19 23:39:36.661867+00:00 [info] <0.222.0> Feature flags:   [x] implicit_default_bindings
2022-08-19 23:39:36.661886+00:00 [info] <0.222.0> Feature flags:   [x] maintenance_mode_status
2022-08-19 23:39:36.661901+00:00 [info] <0.222.0> Feature flags:   [x] quorum_queue
2022-08-19 23:39:36.661995+00:00 [info] <0.222.0> Feature flags:   [x] stream_queue
2022-08-19 23:39:36.662024+00:00 [info] <0.222.0> Feature flags:   [~] user_limits
2022-08-19 23:39:36.662039+00:00 [info] <0.222.0> Feature flags:   [ ] virtual_host_metadata
2022-08-19 23:39:36.662080+00:00 [info] <0.222.0> Feature flags: feature flag states written to disk: yes
2022-08-19 23:39:36.672795+00:00 [info] <0.222.0> Waiting for Mnesia tables for 30000 ms, 9 retries left
2022-08-19 23:39:36.672998+00:00 [info] <0.222.0> Successfully synced tables from a peer
2022-08-19 23:39:36.757000+00:00 [info] <0.222.0> Feature flag `user_limits`: mark as enabled=true
2022-08-19 23:39:36.767440+00:00 [info] <0.222.0> Feature flags: list of feature flags found:
2022-08-19 23:39:36.767542+00:00 [info] <0.222.0> Feature flags:   [x] classic_mirrored_queue_version
2022-08-19 23:39:36.767579+00:00 [info] <0.222.0> Feature flags:   [x] implicit_default_bindings
2022-08-19 23:39:36.767600+00:00 [info] <0.222.0> Feature flags:   [x] maintenance_mode_status
2022-08-19 23:39:36.767621+00:00 [info] <0.222.0> Feature flags:   [x] quorum_queue
2022-08-19 23:39:36.767680+00:00 [info] <0.222.0> Feature flags:   [x] stream_queue
2022-08-19 23:39:36.767709+00:00 [info] <0.222.0> Feature flags:   [x] user_limits
2022-08-19 23:39:36.767766+00:00 [info] <0.222.0> Feature flags:   [ ] virtual_host_metadata
2022-08-19 23:39:36.767842+00:00 [info] <0.222.0> Feature flags: feature flag states written to disk: yes
2022-08-19 23:39:36.778754+00:00 [info] <0.222.0> Feature flag `virtual_host_metadata`: supported, attempt to enable...
2022-08-19 23:39:36.778891+00:00 [info] <0.222.0> Feature flag `virtual_host_metadata`: mark as enabled=state_changing
2022-08-19 23:39:36.779733+00:00 [info] <0.222.0> Feature flags: list of feature flags found:
2022-08-19 23:39:36.779831+00:00 [info] <0.222.0> Feature flags:   [x] classic_mirrored_queue_version
2022-08-19 23:39:36.779862+00:00 [info] <0.222.0> Feature flags:   [x] implicit_default_bindings
2022-08-19 23:39:36.779881+00:00 [info] <0.222.0> Feature flags:   [x] maintenance_mode_status
2022-08-19 23:39:36.779897+00:00 [info] <0.222.0> Feature flags:   [x] quorum_queue
2022-08-19 23:39:36.779933+00:00 [info] <0.222.0> Feature flags:   [x] stream_queue
2022-08-19 23:39:36.779951+00:00 [info] <0.222.0> Feature flags:   [x] user_limits
2022-08-19 23:39:36.779993+00:00 [info] <0.222.0> Feature flags:   [~] virtual_host_metadata
2022-08-19 23:39:36.780033+00:00 [info] <0.222.0> Feature flags: feature flag states written to disk: yes
2022-08-19 23:39:36.791191+00:00 [info] <0.222.0> Waiting for Mnesia tables for 30000 ms, 9 retries left
2022-08-19 23:39:36.791359+00:00 [info] <0.222.0> Successfully synced tables from a peer
2022-08-19 23:39:36.881606+00:00 [info] <0.222.0> Feature flag `virtual_host_metadata`: mark as enabled=true
2022-08-19 23:39:36.892510+00:00 [info] <0.222.0> Feature flags: list of feature flags found:
2022-08-19 23:39:36.892581+00:00 [info] <0.222.0> Feature flags:   [x] classic_mirrored_queue_version
2022-08-19 23:39:36.892611+00:00 [info] <0.222.0> Feature flags:   [x] implicit_default_bindings
2022-08-19 23:39:36.892668+00:00 [info] <0.222.0> Feature flags:   [x] maintenance_mode_status
2022-08-19 23:39:36.892688+00:00 [info] <0.222.0> Feature flags:   [x] quorum_queue
2022-08-19 23:39:36.892724+00:00 [info] <0.222.0> Feature flags:   [x] stream_queue
2022-08-19 23:39:36.892822+00:00 [info] <0.222.0> Feature flags:   [x] user_limits
2022-08-19 23:39:36.892887+00:00 [info] <0.222.0> Feature flags:   [x] virtual_host_metadata
2022-08-19 23:39:36.892926+00:00 [info] <0.222.0> Feature flags: feature flag states written to disk: yes
2022-08-19 23:39:36.903400+00:00 [info] <0.222.0> Waiting for Mnesia tables for 30000 ms, 9 retries left
2022-08-19 23:39:36.903636+00:00 [info] <0.222.0> Successfully synced tables from a peer
2022-08-19 23:39:36.934757+00:00 [info] <0.222.0> Waiting for Mnesia tables for 30000 ms, 9 retries left
2022-08-19 23:39:36.934971+00:00 [info] <0.222.0> Successfully synced tables from a peer
2022-08-19 23:39:36.935065+00:00 [info] <0.222.0> Peer discovery backend rabbit_peer_discovery_classic_config does not support registration, skipping registration.
2022-08-19 23:39:36.935146+00:00 [info] <0.222.0> Will try to unlock with peer discovery backend rabbit_peer_discovery_classic_config
2022-08-19 23:39:36.935351+00:00 [info] <0.222.0> Running boot step database_sync defined by app rabbit
2022-08-19 23:39:36.935534+00:00 [info] <0.222.0> Running boot step feature_flags defined by app rabbit
2022-08-19 23:39:36.939371+00:00 [info] <0.222.0> Running boot step codec_correctness_check defined by app rabbit
2022-08-19 23:39:36.939446+00:00 [info] <0.222.0> Running boot step external_infrastructure defined by app rabbit
2022-08-19 23:39:36.939468+00:00 [info] <0.222.0> Running boot step rabbit_event defined by app rabbit
2022-08-19 23:39:36.939644+00:00 [info] <0.222.0> Running boot step rabbit_registry defined by app rabbit
2022-08-19 23:39:36.939699+00:00 [info] <0.222.0> Running boot step rabbit_auth_mechanism_amqplain defined by app rabbit
2022-08-19 23:39:36.939803+00:00 [info] <0.222.0> Running boot step rabbit_auth_mechanism_cr_demo defined by app rabbit
2022-08-19 23:39:36.939859+00:00 [info] <0.222.0> Running boot step rabbit_auth_mechanism_plain defined by app rabbit
2022-08-19 23:39:36.939895+00:00 [info] <0.222.0> Running boot step rabbit_exchange_type_direct defined by app rabbit
2022-08-19 23:39:36.939929+00:00 [info] <0.222.0> Running boot step rabbit_exchange_type_fanout defined by app rabbit
2022-08-19 23:39:36.939959+00:00 [info] <0.222.0> Running boot step rabbit_exchange_type_headers defined by app rabbit
2022-08-19 23:39:36.939990+00:00 [info] <0.222.0> Running boot step rabbit_exchange_type_topic defined by app rabbit
2022-08-19 23:39:36.940026+00:00 [info] <0.222.0> Running boot step rabbit_mirror_queue_mode_all defined by app rabbit
2022-08-19 23:39:36.940057+00:00 [info] <0.222.0> Running boot step rabbit_mirror_queue_mode_exactly defined by app rabbit
2022-08-19 23:39:36.940088+00:00 [info] <0.222.0> Running boot step rabbit_mirror_queue_mode_nodes defined by app rabbit
2022-08-19 23:39:36.940121+00:00 [info] <0.222.0> Running boot step rabbit_priority_queue defined by app rabbit
2022-08-19 23:39:36.940201+00:00 [info] <0.222.0> Priority queues enabled, real BQ is rabbit_variable_queue
2022-08-19 23:39:36.940285+00:00 [info] <0.222.0> Running boot step rabbit_queue_location_client_local defined by app rabbit
2022-08-19 23:39:36.940378+00:00 [info] <0.222.0> Running boot step rabbit_queue_location_min_masters defined by app rabbit
2022-08-19 23:39:36.940460+00:00 [info] <0.222.0> Running boot step rabbit_queue_location_random defined by app rabbit
2022-08-19 23:39:36.940505+00:00 [info] <0.222.0> Running boot step kernel_ready defined by app rabbit
2022-08-19 23:39:36.940525+00:00 [info] <0.222.0> Running boot step rabbit_sysmon_minder defined by app rabbit
2022-08-19 23:39:36.940697+00:00 [info] <0.222.0> Running boot step rabbit_epmd_monitor defined by app rabbit
2022-08-19 23:39:36.942293+00:00 [info] <0.558.0> epmd monitor knows us, inter-node communication (distribution) port: 25672
2022-08-19 23:39:36.942540+00:00 [info] <0.222.0> Running boot step guid_generator defined by app rabbit
2022-08-19 23:39:36.952811+00:00 [info] <0.222.0> Running boot step rabbit_node_monitor defined by app rabbit
2022-08-19 23:39:36.953533+00:00 [info] <0.562.0> Starting rabbit_node_monitor
2022-08-19 23:39:36.953843+00:00 [info] <0.222.0> Running boot step delegate_sup defined by app rabbit
2022-08-19 23:39:36.954782+00:00 [info] <0.222.0> Running boot step rabbit_memory_monitor defined by app rabbit
2022-08-19 23:39:36.955290+00:00 [info] <0.222.0> Running boot step rabbit_fifo_dlx_sup defined by app rabbit
2022-08-19 23:39:36.955462+00:00 [info] <0.222.0> Running boot step core_initialized defined by app rabbit
2022-08-19 23:39:36.955499+00:00 [info] <0.222.0> Running boot step upgrade_queues defined by app rabbit
2022-08-19 23:39:36.972667+00:00 [info] <0.222.0> message_store upgrades: 1 to apply
2022-08-19 23:39:36.972850+00:00 [info] <0.222.0> message_store upgrades: Applying rabbit_variable_queue:move_messages_to_vhost_store
2022-08-19 23:39:36.973090+00:00 [info] <0.222.0> message_store upgrades: No durable queues found. Skipping message store migration
2022-08-19 23:39:36.973124+00:00 [info] <0.222.0> message_store upgrades: Removing the old message store data
2022-08-19 23:39:36.977865+00:00 [info] <0.222.0> message_store upgrades: All upgrades applied successfully
2022-08-19 23:39:37.002909+00:00 [info] <0.222.0> Running boot step channel_tracking defined by app rabbit
2022-08-19 23:39:37.021018+00:00 [info] <0.222.0> Setting up a table for channel tracking on this node: tracked_channel_on_node_rabbit@0fa3fcf87a73
2022-08-19 23:39:37.037285+00:00 [info] <0.222.0> Setting up a table for channel tracking on this node: tracked_channel_table_per_user_on_node_rabbit@0fa3fcf87a73
2022-08-19 23:39:37.037887+00:00 [info] <0.222.0> Running boot step rabbit_channel_tracking_handler defined by app rabbit
2022-08-19 23:39:37.038080+00:00 [info] <0.222.0> Running boot step connection_tracking defined by app rabbit
2022-08-19 23:39:37.053064+00:00 [info] <0.222.0> Setting up a table for connection tracking on this node: tracked_connection_on_node_rabbit@0fa3fcf87a73
2022-08-19 23:39:37.068314+00:00 [info] <0.222.0> Setting up a table for per-vhost connection counting on this node: tracked_connection_per_vhost_on_node_rabbit@0fa3fcf87a73
2022-08-19 23:39:37.083374+00:00 [info] <0.222.0> Setting up a table for per-user connection counting on this node: tracked_connection_table_per_user_on_node_rabbit@0fa3fcf87a73
2022-08-19 23:39:37.084390+00:00 [info] <0.222.0> Running boot step rabbit_connection_tracking_handler defined by app rabbit
2022-08-19 23:39:37.084646+00:00 [info] <0.222.0> Running boot step rabbit_definitions_hashing defined by app rabbit
2022-08-19 23:39:37.084809+00:00 [info] <0.222.0> Running boot step rabbit_exchange_parameters defined by app rabbit
2022-08-19 23:39:37.085019+00:00 [info] <0.222.0> Running boot step rabbit_mirror_queue_misc defined by app rabbit
2022-08-19 23:39:37.085320+00:00 [info] <0.222.0> Running boot step rabbit_policies defined by app rabbit
2022-08-19 23:39:37.085815+00:00 [info] <0.222.0> Running boot step rabbit_policy defined by app rabbit
2022-08-19 23:39:37.085939+00:00 [info] <0.222.0> Running boot step rabbit_queue_location_validator defined by app rabbit
2022-08-19 23:39:37.085998+00:00 [info] <0.222.0> Running boot step rabbit_quorum_memory_manager defined by app rabbit
2022-08-19 23:39:37.086063+00:00 [info] <0.222.0> Running boot step rabbit_stream_coordinator defined by app rabbit
2022-08-19 23:39:37.086710+00:00 [info] <0.222.0> Running boot step rabbit_vhost_limit defined by app rabbit
2022-08-19 23:39:37.087125+00:00 [info] <0.222.0> Running boot step recovery defined by app rabbit
2022-08-19 23:39:37.088979+00:00 [info] <0.222.0> Running boot step empty_db_check defined by app rabbit
2022-08-19 23:39:37.089066+00:00 [info] <0.222.0> Will seed default virtual host and user...
2022-08-19 23:39:37.089167+00:00 [info] <0.222.0> Adding vhost '/' (description: 'Default virtual host', tags: [])
2022-08-19 23:39:37.106155+00:00 [info] <0.619.0> Making sure data directory '/var/lib/rabbitmq/mnesia/rabbit@0fa3fcf87a73/msg_stores/vhosts/628WB79CIFDYO9LJI6DKMI09L' for vhost '/' exists
2022-08-19 23:39:37.125506+00:00 [info] <0.619.0> Setting segment_entry_count for vhost '/' with 0 queues to '2048'
2022-08-19 23:39:37.145899+00:00 [info] <0.619.0> Starting message stores for vhost '/'
2022-08-19 23:39:37.146359+00:00 [info] <0.624.0> Message store "628WB79CIFDYO9LJI6DKMI09L/msg_store_transient": using rabbit_msg_store_ets_index to provide index
2022-08-19 23:39:37.188385+00:00 [info] <0.619.0> Started message store of type transient for vhost '/'
2022-08-19 23:39:37.188635+00:00 [info] <0.628.0> Message store "628WB79CIFDYO9LJI6DKMI09L/msg_store_persistent": using rabbit_msg_store_ets_index to provide index
2022-08-19 23:39:37.196882+00:00 [warning] <0.628.0> Message store "628WB79CIFDYO9LJI6DKMI09L/msg_store_persistent": rebuilding indices from scratch
2022-08-19 23:39:37.204771+00:00 [info] <0.619.0> Started message store of type persistent for vhost '/'
2022-08-19 23:39:37.204964+00:00 [info] <0.619.0> Recovering 0 queues of type rabbit_classic_queue took 73ms
2022-08-19 23:39:37.205053+00:00 [info] <0.619.0> Recovering 0 queues of type rabbit_quorum_queue took 0ms
2022-08-19 23:39:37.205087+00:00 [info] <0.619.0> Recovering 0 queues of type rabbit_stream_queue took 0ms
2022-08-19 23:39:37.209058+00:00 [info] <0.222.0> Created user 'guest'
2022-08-19 23:39:37.210792+00:00 [info] <0.222.0> Successfully set user tags for user 'guest' to [administrator]
2022-08-19 23:39:37.212380+00:00 [info] <0.222.0> Successfully set permissions for 'guest' in virtual host '/' to '.*', '.*', '.*'
2022-08-19 23:39:37.212494+00:00 [info] <0.222.0> Running boot step rabbit_looking_glass defined by app rabbit
2022-08-19 23:39:37.212571+00:00 [info] <0.222.0> Running boot step rabbit_core_metrics_gc defined by app rabbit
2022-08-19 23:39:37.212815+00:00 [info] <0.222.0> Running boot step background_gc defined by app rabbit
2022-08-19 23:39:37.212972+00:00 [info] <0.222.0> Running boot step routing_ready defined by app rabbit
2022-08-19 23:39:37.213001+00:00 [info] <0.222.0> Running boot step pre_flight defined by app rabbit
2022-08-19 23:39:37.213058+00:00 [info] <0.222.0> Running boot step notify_cluster defined by app rabbit
2022-08-19 23:39:37.213092+00:00 [info] <0.222.0> Running boot step networking defined by app rabbit
2022-08-19 23:39:37.213133+00:00 [info] <0.222.0> Running boot step definition_import_worker_pool defined by app rabbit
2022-08-19 23:39:37.213170+00:00 [info] <0.280.0> Starting worker pool 'definition_import_pool' with 8 processes in it
2022-08-19 23:39:37.213889+00:00 [info] <0.222.0> Running boot step cluster_name defined by app rabbit
2022-08-19 23:39:37.213963+00:00 [info] <0.222.0> Initialising internal cluster ID to 'rabbitmq-cluster-id-K2d-JnKN3SB1awzLwblwsA'
2022-08-19 23:39:37.215874+00:00 [info] <0.222.0> Running boot step direct_client defined by app rabbit
2022-08-19 23:39:37.216070+00:00 [info] <0.222.0> Running boot step rabbit_maintenance_mode_state defined by app rabbit
2022-08-19 23:39:37.216123+00:00 [info] <0.222.0> Creating table rabbit_node_maintenance_states for feature flag `maintenance_mode_status`
2022-08-19 23:39:37.216519+00:00 [info] <0.666.0> Resetting node maintenance status
2022-08-19 23:39:37.216669+00:00 [info] <0.666.0> Ready to start client connection listeners
2022-08-19 23:39:37.220854+00:00 [info] <0.684.0> started TCP listener on [::]:5672
2022-08-19 23:39:37.372230+00:00 [info] <0.666.0> Server startup complete; 0 plugins started.
